[debug] [2023-04-04T05:29:44.545Z] ----------------------------------------------------------------------
[debug] [2023-04-04T05:29:44.548Z] Command:       /home/joburbanop/.nvm/versions/node/v19.7.0/bin/node /home/joburbanop/.nvm/versions/node/v19.7.0/bin/firebase init
[debug] [2023-04-04T05:29:44.549Z] CLI Version:   11.25.2
[debug] [2023-04-04T05:29:44.549Z] Platform:      linux
[debug] [2023-04-04T05:29:44.549Z] Node Version:  v19.7.0
[debug] [2023-04-04T05:29:44.549Z] Time:          Tue Apr 04 2023 00:29:44 GMT-0500 (hora estándar de Colombia)
[debug] [2023-04-04T05:29:44.549Z] ----------------------------------------------------------------------
[debug] 
[debug] [2023-04-04T05:29:44.633Z] > command requires scopes: ["email","openid","https://www.googleapis.com/auth/cloudplatformprojects.readonly","https://www.googleapis.com/auth/firebase","https://www.googleapis.com/auth/cloud-platform"]
[debug] [2023-04-04T05:29:44.633Z] > authorizing via signed-in user (joburbanop589@gmail.com)
[info] 
     ######## #### ########  ######## ########     ###     ######  ########
     ##        ##  ##     ## ##       ##     ##  ##   ##  ##       ##
     ######    ##  ########  ######   ########  #########  ######  ######
     ##        ##  ##    ##  ##       ##     ## ##     ##       ## ##
     ##       #### ##     ## ######## ########  ##     ##  ######  ########

You're about to initialize a Firebase project in this directory:

  /media/joburbanop/Datos/cursos/mirando/oracle/paginaCamila/pagina-web

Before we get started, keep in mind:

  * You are currently outside your home directory
  * You are initializing within an existing Firebase project directory

[info] 
=== Project Setup
[info] 
[info] First, let's associate this project directory with a Firebase project.
[info] You can create multiple project aliases by running firebase use --add, 
[info] but for now we'll just set up a default project.
[info] 
[debug] [2023-04-04T05:29:51.128Z] Using project from CLI flag: appwb-2a68c
[debug] [2023-04-04T05:29:51.131Z] >>> [apiv2][query] GET https://firebase.googleapis.com/v1beta1/projects/appwb-2a68c [none]
[debug] [2023-04-04T05:29:51.532Z] <<< [apiv2][status] GET https://firebase.googleapis.com/v1beta1/projects/appwb-2a68c 200
[debug] [2023-04-04T05:29:51.532Z] <<< [apiv2][body] GET https://firebase.googleapis.com/v1beta1/projects/appwb-2a68c {"projectId":"appwb-2a68c","projectNumber":"264867972880","displayName":"appWb","name":"projects/appwb-2a68c","resources":{"hostingSite":"appwb-2a68c"},"state":"ACTIVE","etag":"1_c7fb1d91-e491-4971-a940-9caaea084407"}
[info] i  Using project appwb-2a68c (appWb) 
[info] 
=== Hosting Setup
[info] 
[info] Your public directory is the folder (relative to your project directory) that
[info] will contain Hosting assets to be uploaded with firebase deploy. If you
[info] have a build process for your assets, use your build's output directory.
[info] 
[debug] [2023-04-04T05:30:15.173Z] Error: setRawMode EIO
    at ReadStream.setRawMode (node:tty:77:31)
    at [_setRawMode] [as _setRawMode] (node:internal/readline/interface:381:18)
    at Interface.close (node:internal/readline/interface:531:24)
    at ReadStream.ontermend (node:internal/readline/interface:267:10)
    at ReadStream.emit (node:events:524:35)
    at ReadStream.emit (node:domain:489:12)
    at endReadableNT (node:internal/streams/readable:1359:12)
    at process.processTicksAndRejections (node:internal/process/task_queues:82:21)
[error] 
[error] Error: An unexpected error has occurred.
[debug] [2023-04-04T05:30:15.175Z] Error: write EIO
    at afterWriteDispatched (node:internal/stream_base_commons:160:15)
    at writeGeneric (node:internal/stream_base_commons:151:3)
    at Socket._writeGeneric (node:net:923:11)
    at Socket._write (node:net:935:8)
    at writeOrBuffer (node:internal/streams/writable:392:12)
    at _write (node:internal/streams/writable:333:10)
    at Writable.write (node:internal/streams/writable:337:10)
    at Console.log (/home/joburbanop/.nvm/versions/node/v19.7.0/lib/node_modules/firebase-tools/node_modules/winston/lib/winston/transports/console.js:79:23)
    at Console._write (/home/joburbanop/.nvm/versions/node/v19.7.0/lib/node_modules/firebase-tools/node_modules/winston-transport/index.js:103:17)
    at doWrite (/home/joburbanop/.nvm/versions/node/v19.7.0/lib/node_modules/firebase-tools/node_modules/winston-transport/node_modules/readable-stream/lib/_stream_writable.js:428:64)
    at writeOrBuffer (/home/joburbanop/.nvm/versions/node/v19.7.0/lib/node_modules/firebase-tools/node_modules/winston-transport/node_modules/readable-stream/lib/_stream_writable.js:417:5)
    at Writable.write (/home/joburbanop/.nvm/versions/node/v19.7.0/lib/node_modules/firebase-tools/node_modules/winston-transport/node_modules/readable-stream/lib/_stream_writable.js:334:11)
    at DerivedLogger.ondata (/home/joburbanop/.nvm/versions/node/v19.7.0/lib/node_modules/firebase-tools/node_modules/readable-stream/lib/_stream_readable.js:681:20)
    at DerivedLogger.emit (node:events:524:35)
    at DerivedLogger.emit (node:domain:489:12)
    at addChunk (/home/joburbanop/.nvm/versions/node/v19.7.0/lib/node_modules/firebase-tools/node_modules/readable-stream/lib/_stream_readable.js:298:12)
[error] 
[error] Error: An unexpected error has occurred.
[debug] [2023-04-04T05:30:15.177Z] Error: write EIO
    at afterWriteDispatched (node:internal/stream_base_commons:160:15)
    at writeGeneric (node:internal/stream_base_commons:151:3)
    at Socket._writeGeneric (node:net:923:11)
    at Socket._write (node:net:935:8)
    at writeOrBuffer (node:internal/streams/writable:392:12)
    at _write (node:internal/streams/writable:333:10)
    at Writable.write (node:internal/streams/writable:337:10)
    at Console.log (/home/joburbanop/.nvm/versions/node/v19.7.0/lib/node_modules/firebase-tools/node_modules/winston/lib/winston/transports/console.js:79:23)
    at Console._write (/home/joburbanop/.nvm/versions/node/v19.7.0/lib/node_modules/firebase-tools/node_modules/winston-transport/index.js:103:17)
    at doWrite (/home/joburbanop/.nvm/versions/node/v19.7.0/lib/node_modules/firebase-tools/node_modules/winston-transport/node_modules/readable-stream/lib/_stream_writable.js:428:64)
    at writeOrBuffer (/home/joburbanop/.nvm/versions/node/v19.7.0/lib/node_modules/firebase-tools/node_modules/winston-transport/node_modules/readable-stream/lib/_stream_writable.js:417:5)
    at Writable.write (/home/joburbanop/.nvm/versions/node/v19.7.0/lib/node_modules/firebase-tools/node_modules/winston-transport/node_modules/readable-stream/lib/_stream_writable.js:334:11)
    at DerivedLogger.ondata (/home/joburbanop/.nvm/versions/node/v19.7.0/lib/node_modules/firebase-tools/node_modules/readable-stream/lib/_stream_readable.js:681:20)
    at DerivedLogger.emit (node:events:524:35)
    at DerivedLogger.emit (node:domain:489:12)
    at addChunk (/home/joburbanop/.nvm/versions/node/v19.7.0/lib/node_modules/firebase-tools/node_modules/readable-stream/lib/_stream_readable.js:298:12)
[error] 
[error] Error: An unexpected error has occurred.
[debug] [2023-04-04T05:30:15.180Z] Error: write EIO
    at afterWriteDispatched (node:internal/stream_base_commons:160:15)
    at writeGeneric (node:internal/stream_base_commons:151:3)
    at Socket._writeGeneric (node:net:923:11)
    at Socket._write (node:net:935:8)
    at writeOrBuffer (node:internal/streams/writable:392:12)
    at _write (node:internal/streams/writable:333:10)
    at Writable.write (node:internal/streams/writable:337:10)
    at Console.log (/home/joburbanop/.nvm/versions/node/v19.7.0/lib/node_modules/firebase-tools/node_modules/winston/lib/winston/transports/console.js:79:23)
    at Console._write (/home/joburbanop/.nvm/versions/node/v19.7.0/lib/node_modules/firebase-tools/node_modules/winston-transport/index.js:103:17)
    at doWrite (/home/joburbanop/.nvm/versions/node/v19.7.0/lib/node_modules/firebase-tools/node_modules/winston-transport/node_modules/readable-stream/lib/_stream_writable.js:428:64)
    at writeOrBuffer (/home/joburbanop/.nvm/versions/node/v19.7.0/lib/node_modules/firebase-tools/node_modules/winston-transport/node_modules/readable-stream/lib/_stream_writable.js:417:5)
    at Writable.write (/home/joburbanop/.nvm/versions/node/v19.7.0/lib/node_modules/firebase-tools/node_modules/winston-transport/node_modules/readable-stream/lib/_stream_writable.js:334:11)
    at DerivedLogger.ondata (/home/joburbanop/.nvm/versions/node/v19.7.0/lib/node_modules/firebase-tools/node_modules/readable-stream/lib/_stream_readable.js:681:20)
    at DerivedLogger.emit (node:events:524:35)
    at DerivedLogger.emit (node:domain:489:12)
    at addChunk (/home/joburbanop/.nvm/versions/node/v19.7.0/lib/node_modules/firebase-tools/node_modules/readable-stream/lib/_stream_readable.js:298:12)
[error] 
[error] Error: An unexpected error has occurred.
[debug] [2023-04-04T05:30:15.182Z] Error: write EIO
    at afterWriteDispatched (node:internal/stream_base_commons:160:15)
    at writeGeneric (node:internal/stream_base_commons:151:3)
    at Socket._writeGeneric (node:net:923:11)
    at Socket._write (node:net:935:8)
    at writeOrBuffer (node:internal/streams/writable:392:12)
    at _write (node:internal/streams/writable:333:10)
    at Writable.write (node:internal/streams/writable:337:10)
    at Console.log (/home/joburbanop/.nvm/versions/node/v19.7.0/lib/node_modules/firebase-tools/node_modules/winston/lib/winston/transports/console.js:79:23)
    at Console._write (/home/joburbanop/.nvm/versions/node/v19.7.0/lib/node_modules/firebase-tools/node_modules/winston-transport/index.js:103:17)
    at doWrite (/home/joburbanop/.nvm/versions/node/v19.7.0/lib/node_modules/firebase-tools/node_modules/winston-transport/node_modules/readable-stream/lib/_stream_writable.js:428:64)
    at writeOrBuffer (/home/joburbanop/.nvm/versions/node/v19.7.0/lib/node_modules/firebase-tools/node_modules/winston-transport/node_modules/readable-stream/lib/_stream_writable.js:417:5)
    at Writable.write (/home/joburbanop/.nvm/versions/node/v19.7.0/lib/node_modules/firebase-tools/node_modules/winston-transport/node_modules/readable-stream/lib/_stream_writable.js:334:11)
    at DerivedLogger.ondata (/home/joburbanop/.nvm/versions/node/v19.7.0/lib/node_modules/firebase-tools/node_modules/readable-stream/lib/_stream_readable.js:681:20)
    at DerivedLogger.emit (node:events:524:35)
    at DerivedLogger.emit (node:domain:489:12)
    at addChunk (/home/joburbanop/.nvm/versions/node/v19.7.0/lib/node_modules/firebase-tools/node_modules/readable-stream/lib/_stream_readable.js:298:12)
[error] 
[error] Error: An unexpected error has occurred.
[debug] [2023-04-04T05:30:15.183Z] Error: write EIO
    at afterWriteDispatched (node:internal/stream_base_commons:160:15)
    at writeGeneric (node:internal/stream_base_commons:151:3)
    at Socket._writeGeneric (node:net:923:11)
    at Socket._write (node:net:935:8)
    at writeOrBuffer (node:internal/streams/writable:392:12)
    at _write (node:internal/streams/writable:333:10)
    at Writable.write (node:internal/streams/writable:337:10)
    at Console.log (/home/joburbanop/.nvm/versions/node/v19.7.0/lib/node_modules/firebase-tools/node_modules/winston/lib/winston/transports/console.js:79:23)
    at Console._write (/home/joburbanop/.nvm/versions/node/v19.7.0/lib/node_modules/firebase-tools/node_modules/winston-transport/index.js:103:17)
    at doWrite (/home/joburbanop/.nvm/versions/node/v19.7.0/lib/node_modules/firebase-tools/node_modules/winston-transport/node_modules/readable-stream/lib/_stream_writable.js:428:64)
    at writeOrBuffer (/home/joburbanop/.nvm/versions/node/v19.7.0/lib/node_modules/firebase-tools/node_modules/winston-transport/node_modules/readable-stream/lib/_stream_writable.js:417:5)
    at Writable.write (/home/joburbanop/.nvm/versions/node/v19.7.0/lib/node_modules/firebase-tools/node_modules/winston-transport/node_modules/readable-stream/lib/_stream_writable.js:334:11)
    at DerivedLogger.ondata (/home/joburbanop/.nvm/versions/node/v19.7.0/lib/node_modules/firebase-tools/node_modules/readable-stream/lib/_stream_readable.js:681:20)
    at DerivedLogger.emit (node:events:524:35)
    at DerivedLogger.emit (node:domain:489:12)
    at addChunk (/home/joburbanop/.nvm/versions/node/v19.7.0/lib/node_modules/firebase-tools/node_modules/readable-stream/lib/_stream_readable.js:298:12)
[error] 
[error] Error: An unexpected error has occurred.
[debug] [2023-04-04T05:30:15.184Z] Error: write EIO
    at afterWriteDispatched (node:internal/stream_base_commons:160:15)
    at writeGeneric (node:internal/stream_base_commons:151:3)
    at Socket._writeGeneric (node:net:923:11)
    at Socket._write (node:net:935:8)
    at writeOrBuffer (node:internal/streams/writable:392:12)
    at _write (node:internal/streams/writable:333:10)
    at Writable.write (node:internal/streams/writable:337:10)
    at Console.log (/home/joburbanop/.nvm/versions/node/v19.7.0/lib/node_modules/firebase-tools/node_modules/winston/lib/winston/transports/console.js:79:23)
    at Console._write (/home/joburbanop/.nvm/versions/node/v19.7.0/lib/node_modules/firebase-tools/node_modules/winston-transport/index.js:103:17)
    at doWrite (/home/joburbanop/.nvm/versions/node/v19.7.0/lib/node_modules/firebase-tools/node_modules/winston-transport/node_modules/readable-stream/lib/_stream_writable.js:428:64)
    at writeOrBuffer (/home/joburbanop/.nvm/versions/node/v19.7.0/lib/node_modules/firebase-tools/node_modules/winston-transport/node_modules/readable-stream/lib/_stream_writable.js:417:5)
    at Writable.write (/home/joburbanop/.nvm/versions/node/v19.7.0/lib/node_modules/firebase-tools/node_modules/winston-transport/node_modules/readable-stream/lib/_stream_writable.js:334:11)
    at DerivedLogger.ondata (/home/joburbanop/.nvm/versions/node/v19.7.0/lib/node_modules/firebase-tools/node_modules/readable-stream/lib/_stream_readable.js:681:20)
    at DerivedLogger.emit (node:events:524:35)
    at DerivedLogger.emit (node:domain:489:12)
    at addChunk (/home/joburbanop/.nvm/versions/node/v19.7.0/lib/node_modules/firebase-tools/node_modules/readable-stream/lib/_stream_readable.js:298:12)
[error] 
[error] Error: An unexpected error has occurred.
[debug] [2023-04-04T05:30:15.185Z] Error: write EIO
    at afterWriteDispatched (node:internal/stream_base_commons:160:15)
    at writeGeneric (node:internal/stream_base_commons:151:3)
    at Socket._writeGeneric (node:net:923:11)
    at Socket._write (node:net:935:8)
    at writeOrBuffer (node:internal/streams/writable:392:12)
    at _write (node:internal/streams/writable:333:10)
    at Writable.write (node:internal/streams/writable:337:10)
    at Console.log (/home/joburbanop/.nvm/versions/node/v19.7.0/lib/node_modules/firebase-tools/node_modules/winston/lib/winston/transports/console.js:79:23)
    at Console._write (/home/joburbanop/.nvm/versions/node/v19.7.0/lib/node_modules/firebase-tools/node_modules/winston-transport/index.js:103:17)
    at doWrite (/home/joburbanop/.nvm/versions/node/v19.7.0/lib/node_modules/firebase-tools/node_modules/winston-transport/node_modules/readable-stream/lib/_stream_writable.js:428:64)
    at writeOrBuffer (/home/joburbanop/.nvm/versions/node/v19.7.0/lib/node_modules/firebase-tools/node_modules/winston-transport/node_modules/readable-stream/lib/_stream_writable.js:417:5)
    at Writable.write (/home/joburbanop/.nvm/versions/node/v19.7.0/lib/node_modules/firebase-tools/node_modules/winston-transport/node_modules/readable-stream/lib/_stream_writable.js:334:11)
    at DerivedLogger.ondata (/home/joburbanop/.nvm/versions/node/v19.7.0/lib/node_modules/firebase-tools/node_modules/readable-stream/lib/_stream_readable.js:681:20)
    at DerivedLogger.emit (node:events:524:35)
    at DerivedLogger.emit (node:domain:489:12)
    at addChunk (/home/joburbanop/.nvm/versions/node/v19.7.0/lib/node_modules/firebase-tools/node_modules/readable-stream/lib/_stream_readable.js:298:12)
[error] 
[error] Error: An unexpected error has occurred.
